2025-06-10 11:50:00 | DEBUG | repo=course-sys-int-systems | action=commit
2025-11-21 10:25:00 | DEBUG | repo=course-sys-int-systems | action=pull
2025-02-27 07:24:00 | INFO | repo=course-sys-int-systems | action=commit
2025-02-03 18:56:00 | DEBUG | repo=course-sys-int-systems | action=commit
2025-09-03 17:52:00 | DEBUG | repo=course-sys-int-systems | action=commit
2025-08-27 12:21:00 | DEBUG | repo=course-sys-int-systems | action=commit
2025-05-23 07:01:00 | INFO | repo=course-sys-int-systems | action=commit
2025-04-18 10:21:00 | INFO | repo=course-sys-int-systems | action=edit | files=3
2025-11-12 11:07:00 | INFO | repo=course-sys-int-systems | action=edit | files=3
2025-06-17 18:56:00 | INFO | repo=course-sys-int-systems | action=commit
2025-04-01 20:42:00 | INFO | repo=course-sys-int-systems | action=commit
2025-04-05 07:26:00 | DEBUG | repo=course-sys-int-systems | action=commit
2025-04-09 14:57:00 | WARN | repo=course-sys-int-systems | action=commit
2025-04-06 10:31:00 | WARN | repo=course-sys-int-systems | action=pull
2025-03-12 10:18:00 | INFO | repo=course-sys-int-systems | action=test | passed=true
2025-10-06 11:57:00 | INFO | repo=course-sys-int-systems | action=test | passed=true
2025-12-27 07:48:00 | DEBUG | repo=course-sys-int-systems | action=commit
2025-05-18 12:36:00 | WARN | repo=course-sys-int-systems | action=commit
2025-09-05 07:39:00 | INFO | repo=course-sys-int-systems | action=commit
2025-06-11 21:25:00 | WARN | repo=course-sys-int-systems | action=test | passed=true
2025-02-17 20:17:00 | DEBUG | repo=course-sys-int-systems | action=edit | files=3
2025-03-16 10:34:00 | DEBUG | repo=course-sys-int-systems | action=commit
2025-02-11 19:06:00 | DEBUG | repo=course-sys-int-systems | action=commit
2025-11-19 15:24:00 | WARN | repo=course-sys-int-systems | action=commit
2025-09-25 20:18:00 | INFO | repo=course-sys-int-systems | action=commit
2025-04-05 20:47:00 | INFO | repo=course-sys-int-systems | action=commit
2025-11-28 15:27:00 | DEBUG | repo=course-sys-int-systems | action=commit
2025-01-22 11:49:00 | INFO | repo=course-sys-int-systems | action=commit
2025-10-27 07:59:00 | WARN | repo=course-sys-int-systems | action=edit | files=3
2025-05-06 18:16:00 | DEBUG | repo=course-sys-int-systems | action=commit
2025-07-06 08:42:00 | INFO | repo=course-sys-int-systems | action=edit | files=2
2025-09-14 11:34:00 | DEBUG | repo=course-sys-int-systems | action=commit
2025-07-21 17:21:00 | DEBUG | repo=course-sys-int-systems | action=test | passed=true
2025-08-27 07:54:00 | WARN | repo=course-sys-int-systems | action=edit | files=5
2025-11-12 11:29:00 | WARN | repo=course-sys-int-systems | action=commit
2025-07-20 10:03:00 | INFO | repo=course-sys-int-systems | action=commit
2025-02-01 17:50:00 | WARN | repo=course-sys-int-systems | action=commit
2025-09-07 09:15:00 | INFO | repo=course-sys-int-systems | action=commit
2025-03-13 20:39:00 | DEBUG | repo=course-sys-int-systems | action=commit
2025-09-02 19:02:00 | DEBUG | repo=course-sys-int-systems | action=commit
2025-02-02 12:37:00 | DEBUG | repo=course-sys-int-systems | action=commit
2025-11-08 11:10:00 | INFO | repo=course-sys-int-systems | action=commit
2025-04-02 13:09:00 | WARN | repo=course-sys-int-systems | action=test | passed=true
2025-11-01 20:12:00 | WARN | repo=course-sys-int-systems | action=commit
2025-07-04 18:26:00 | WARN | repo=course-sys-int-systems | action=commit
2025-08-25 07:48:00 | INFO | repo=course-sys-int-systems | action=commit
2025-09-07 10:43:00 | INFO | repo=course-sys-int-systems | action=commit
2025-07-04 19:02:00 | WARN | repo=course-sys-int-systems | action=commit
2025-10-15 08:28:00 | WARN | repo=course-sys-int-systems | action=commit
2025-02-08 10:39:00 | WARN | repo=course-sys-int-systems | action=commit
2025-07-22 15:25:00 | INFO | repo=course-sys-int-systems | action=commit
2025-10-16 20:47:00 | INFO | repo=course-sys-int-systems | action=commit
2025-08-17 13:55:00 | INFO | repo=course-sys-int-systems | action=commit
2025-03-07 11:31:00 | WARN | repo=course-sys-int-systems | action=commit
2025-12-09 19:22:00 | WARN | repo=course-sys-int-systems | action=commit
2025-09-15 20:46:00 | DEBUG | repo=course-sys-int-systems | action=commit
2025-05-18 21:39:00 | DEBUG | repo=course-sys-int-systems | action=pull
2025-11-22 07:20:00 | INFO | repo=course-sys-int-systems | action=commit
2025-05-05 14:55:00 | INFO | repo=course-sys-int-systems | action=edit | files=5
2025-03-17 11:28:00 | INFO | repo=course-sys-int-systems | action=commit
2025-07-06 10:26:00 | INFO | repo=course-sys-int-systems | action=edit | files=3
2025-04-15 21:59:00 | WARN | repo=course-sys-int-systems | action=commit
2025-02-17 08:11:00 | DEBUG | repo=course-sys-int-systems | action=commit
2025-11-09 13:31:00 | INFO | repo=course-sys-int-systems | action=commit
2025-03-15 19:28:00 | WARN | repo=course-sys-int-systems | action=commit
2025-08-05 07:19:00 | WARN | repo=course-sys-int-systems | action=commit
2025-07-16 16:00:00 | DEBUG | repo=course-sys-int-systems | action=commit
2025-11-04 21:30:00 | WARN | repo=course-sys-int-systems | action=commit
2025-03-10 07:03:00 | WARN | repo=course-sys-int-systems | action=test | passed=true
2025-06-05 16:41:00 | WARN | repo=course-sys-int-systems | action=pull
2025-06-05 20:04:00 | INFO | repo=course-sys-int-systems | action=commit
2025-03-01 13:35:00 | WARN | repo=course-sys-int-systems | action=commit
2025-11-21 08:56:00 | DEBUG | repo=course-sys-int-systems | action=commit
2025-10-17 17:32:00 | WARN | repo=course-sys-int-systems | action=commit
2025-12-25 10:10:00 | INFO | repo=course-sys-int-systems | action=commit
2025-10-18 21:08:00 | WARN | repo=course-sys-int-systems | action=test | passed=true
2025-06-09 17:09:00 | INFO | repo=course-sys-int-systems | action=commit
2025-04-04 15:55:00 | WARN | repo=course-sys-int-systems | action=commit
2025-10-11 09:27:00 | DEBUG | repo=course-sys-int-systems | action=commit
2025-07-21 21:24:00 | DEBUG | repo=course-sys-int-systems | action=commit
2025-02-13 10:56:00 | WARN | repo=course-sys-int-systems | action=commit
